[debug] [2026-02-03T03:57:36.274Z] [Firebase Plugin] Activating Firebase extension.
[info] [Firebase Plugin] Checked firebase-tools, is up to date!
[debug] [2026-02-03T03:57:42.374Z] [Firebase Plugin] requireAuthWrapper
[debug] [2026-02-03T03:57:42.375Z] > command requires scopes: ["email","openid","https://www.googleapis.com/auth/cloudplatformprojects.readonly","https://www.googleapis.com/auth/firebase","https://www.googleapis.com/auth/cloud-platform"]
[debug] [2026-02-03T03:57:42.376Z] > authorizing via signed-in user (jasminder@sookshum-labs.com)
[debug] [2026-02-03T03:57:42.383Z] Checked if tokens are valid: false, expires at: 1770035119187
[debug] [2026-02-03T03:57:42.383Z] Checked if tokens are valid: false, expires at: 1770035119187
[debug] [2026-02-03T03:57:42.384Z] > refreshing access token with scopes: []
[debug] [2026-02-03T03:57:42.387Z] >>> [apiv2][query] POST https://www.googleapis.com/oauth2/v3/token [none]
[debug] [2026-02-03T03:57:42.388Z] >>> [apiv2][body] POST https://www.googleapis.com/oauth2/v3/token [omitted]
[debug] [2026-02-03T03:57:42.404Z] [Firebase Plugin] VSCode notification server listening on port 40001
[info] [Firebase Plugin] Starting Data Connect toolkit (version 3.1.1) on port 50001
[info] i  dataconnect: downloading dataconnect-emulator-3.1.1... {"metadata":{"emulator":{"name":"dataconnect"},"message":"downloading dataconnect-emulator-3.1.1..."}}
[debug] [2026-02-03T03:57:42.953Z] >>> [apiv2][query] GET https://storage.googleapis.com/firemat-preview-drop/emulator/dataconnect-emulator-linux-amd64-v3.1.1 
[debug] [2026-02-03T03:57:43.135Z] <<< [apiv2][status] POST https://www.googleapis.com/oauth2/v3/token 200
[debug] [2026-02-03T03:57:43.136Z] <<< [apiv2][body] POST https://www.googleapis.com/oauth2/v3/token [omitted]
[debug] [2026-02-03T03:57:43.157Z] [Firebase Plugin] User found:  jasminder@sookshum-labs.com
[info] [Firebase Plugin] (Core:Project) New user detected, fetching projects
[debug] [2026-02-03T03:57:43.159Z] Checked if tokens are valid: true, expires at: 1770094662136
[debug] [2026-02-03T03:57:43.160Z] >>> [apiv2][query] GET https://firebase.googleapis.com/v1beta1/projects pageSize=1000
[debug] [2026-02-03T03:57:43.438Z] <<< [apiv2][status] GET https://storage.googleapis.com/firemat-preview-drop/emulator/dataconnect-emulator-linux-amd64-v3.1.1 200
[debug] [2026-02-03T03:57:43.439Z] <<< [apiv2][body] GET https://storage.googleapis.com/firemat-preview-drop/emulator/dataconnect-emulator-linux-amd64-v3.1.1 [stream]
[info] i  dataconnect: Removing outdated emulator files: dataconnect-emulator-3.1.0 {"metadata":{"emulator":{"name":"dataconnect"},"message":"Removing outdated emulator files: dataconnect-emulator-3.1.0"}}
[debug] [2026-02-03T03:57:47.328Z] 'fdc build' failed with error: Unable to build your Data Connect schema and connectors (exit code 1): E0203 09:27:47.326549   37736 cmd.go:43] Error loading data connect config: could not find dataconnect.yaml in `/home/sookshum/Jasminder-Projects/Training Projects/astro-app/dataconnect`
 {"metadata":{"emulator":{"name":"dataconnect"},"message":"'fdc build' failed with error: Unable to build your Data Connect schema and connectors (exit code 1): E0203 09:27:47.326549   37736 cmd.go:43] Error loading data connect config: could not find dataconnect.yaml in `/home/sookshum/Jasminder-Projects/Training Projects/astro-app/dataconnect`\n"}}
[debug] [2026-02-03T03:57:47.329Z] Ignoring unsupported arg: auto_download {"metadata":{"emulator":{"name":"dataconnect"},"message":"Ignoring unsupported arg: auto_download"}}
[debug] [2026-02-03T03:57:47.329Z] Ignoring unsupported arg: port {"metadata":{"emulator":{"name":"dataconnect"},"message":"Ignoring unsupported arg: port"}}
[debug] [2026-02-03T03:57:47.330Z] Starting Data Connect Emulator with command {"binary":"/home/sookshum/.cache/firebase/emulators/dataconnect-emulator-3.1.1","args":["--logtostderr","-v=2","dev","--listen=localhost:50001","--config_dir=/home/sookshum/Jasminder-Projects/Training Projects/astro-app/dataconnect","--enable_output_schema_extensions=true","--enable_output_generated_sdk=true"],"optionalArgs":["listen","config_dir","enable_output_schema_extensions","enable_output_generated_sdk"],"joinArgs":true,"shell":false,"port":9399} {"metadata":{"emulator":{"name":"dataconnect"},"message":"Starting Data Connect Emulator with command {\"binary\":\"/home/sookshum/.cache/firebase/emulators/dataconnect-emulator-3.1.1\",\"args\":[\"--logtostderr\",\"-v=2\",\"dev\",\"--listen=localhost:50001\",\"--config_dir=/home/sookshum/Jasminder-Projects/Training Projects/astro-app/dataconnect\",\"--enable_output_schema_extensions=true\",\"--enable_output_generated_sdk=true\"],\"optionalArgs\":[\"listen\",\"config_dir\",\"enable_output_schema_extensions\",\"enable_output_generated_sdk\"],\"joinArgs\":true,\"shell\":false,\"port\":9399}"}}
[info] i  dataconnect: Data Connect Emulator logging to dataconnect-debug.log {"metadata":{"emulator":{"name":"dataconnect"},"message":"Data Connect Emulator logging to dataconnect-debug.log"}}
[debug] [2026-02-03T03:57:47.366Z] E0203 09:27:47.352858   37748 dev.go:83] Failed to load initial config from "/home/sookshum/Jasminder-Projects/Training Projects/astro-app/dataconnect": could not find dataconnect.yaml in `/home/sookshum/Jasminder-Projects/Training Projects/astro-app/dataconnect`
E0203 09:27:47.353104   37748 watch.go:116] watchAllDir unable to walk dir `/home/sookshum/Jasminder-Projects/Training Projects/astro-app/dataconnect`: lstat /home/sookshum/Jasminder-Projects/Training Projects/astro-app/dataconnect: no such file or directory
I0203 09:27:47.356117   37748 dev.go:104] Listening on address (HTTP + gRPC): 127.0.0.1:50001
 {"metadata":{"emulator":{"name":"dataconnect"},"message":"E0203 09:27:47.352858   37748 dev.go:83] Failed to load initial config from \"/home/sookshum/Jasminder-Projects/Training Projects/astro-app/dataconnect\": could not find dataconnect.yaml in `/home/sookshum/Jasminder-Projects/Training Projects/astro-app/dataconnect`\nE0203 09:27:47.353104   37748 watch.go:116] watchAllDir unable to walk dir `/home/sookshum/Jasminder-Projects/Training Projects/astro-app/dataconnect`: lstat /home/sookshum/Jasminder-Projects/Training Projects/astro-app/dataconnect: no such file or directory\nI0203 09:27:47.356117   37748 dev.go:104] Listening on address (HTTP + gRPC): 127.0.0.1:50001\n"}}
[error] [Firebase Plugin] error:  {}
[debug] [2026-02-03T03:57:49.685Z] <<< [apiv2][status] GET https://firebase.googleapis.com/v1beta1/projects 200
[debug] [2026-02-03T03:57:49.685Z] <<< [apiv2][body] GET https://firebase.googleapis.com/v1beta1/projects [omitted]
[debug] [2026-02-03T03:57:57.360Z] E0203 09:27:57.360743   37748 watch.go:40] Failed to load config from "/home/sookshum/Jasminder-Projects/Training Projects/astro-app/dataconnect": could not find dataconnect.yaml in `/home/sookshum/Jasminder-Projects/Training Projects/astro-app/dataconnect`
 {"metadata":{"emulator":{"name":"dataconnect"},"message":"E0203 09:27:57.360743   37748 watch.go:40] Failed to load config from \"/home/sookshum/Jasminder-Projects/Training Projects/astro-app/dataconnect\": could not find dataconnect.yaml in `/home/sookshum/Jasminder-Projects/Training Projects/astro-app/dataconnect`\n"}}
[debug] [2026-02-03T03:58:07.359Z] E0203 09:28:07.359169   37748 watch.go:40] Failed to load config from "/home/sookshum/Jasminder-Projects/Training Projects/astro-app/dataconnect": could not find dataconnect.yaml in `/home/sookshum/Jasminder-Projects/Training Projects/astro-app/dataconnect`
 {"metadata":{"emulator":{"name":"dataconnect"},"message":"E0203 09:28:07.359169   37748 watch.go:40] Failed to load config from \"/home/sookshum/Jasminder-Projects/Training Projects/astro-app/dataconnect\": could not find dataconnect.yaml in `/home/sookshum/Jasminder-Projects/Training Projects/astro-app/dataconnect`\n"}}
[debug] [2026-02-03T03:58:17.353Z] E0203 09:28:17.353260   37748 watch.go:40] Failed to load config from "/home/sookshum/Jasminder-Projects/Training Projects/astro-app/dataconnect": could not find dataconnect.yaml in `/home/sookshum/Jasminder-Projects/Training Projects/astro-app/dataconnect`
 {"metadata":{"emulator":{"name":"dataconnect"},"message":"E0203 09:28:17.353260   37748 watch.go:40] Failed to load config from \"/home/sookshum/Jasminder-Projects/Training Projects/astro-app/dataconnect\": could not find dataconnect.yaml in `/home/sookshum/Jasminder-Projects/Training Projects/astro-app/dataconnect`\n"}}
[debug] [2026-02-03T03:58:27.359Z] E0203 09:28:27.359164   37748 watch.go:40] Failed to load config from "/home/sookshum/Jasminder-Projects/Training Projects/astro-app/dataconnect": could not find dataconnect.yaml in `/home/sookshum/Jasminder-Projects/Training Projects/astro-app/dataconnect`
 {"metadata":{"emulator":{"name":"dataconnect"},"message":"E0203 09:28:27.359164   37748 watch.go:40] Failed to load config from \"/home/sookshum/Jasminder-Projects/Training Projects/astro-app/dataconnect\": could not find dataconnect.yaml in `/home/sookshum/Jasminder-Projects/Training Projects/astro-app/dataconnect`\n"}}
[debug] [2026-02-03T03:58:37.363Z] E0203 09:28:37.363177   37748 watch.go:40] Failed to load config from "/home/sookshum/Jasminder-Projects/Training Projects/astro-app/dataconnect": could not find dataconnect.yaml in `/home/sookshum/Jasminder-Projects/Training Projects/astro-app/dataconnect`
 {"metadata":{"emulator":{"name":"dataconnect"},"message":"E0203 09:28:37.363177   37748 watch.go:40] Failed to load config from \"/home/sookshum/Jasminder-Projects/Training Projects/astro-app/dataconnect\": could not find dataconnect.yaml in `/home/sookshum/Jasminder-Projects/Training Projects/astro-app/dataconnect`\n"}}
[debug] [2026-02-03T03:58:47.353Z] E0203 09:28:47.353208   37748 watch.go:116] watchAllDir unable to walk dir `/home/sookshum/Jasminder-Projects/Training Projects/astro-app/dataconnect`: lstat /home/sookshum/Jasminder-Projects/Training Projects/astro-app/dataconnect: no such file or directory
E0203 09:28:47.353269   37748 watch.go:40] Failed to load config from "/home/sookshum/Jasminder-Projects/Training Projects/astro-app/dataconnect": could not find dataconnect.yaml in `/home/sookshum/Jasminder-Projects/Training Projects/astro-app/dataconnect`
 {"metadata":{"emulator":{"name":"dataconnect"},"message":"E0203 09:28:47.353208   37748 watch.go:116] watchAllDir unable to walk dir `/home/sookshum/Jasminder-Projects/Training Projects/astro-app/dataconnect`: lstat /home/sookshum/Jasminder-Projects/Training Projects/astro-app/dataconnect: no such file or directory\nE0203 09:28:47.353269   37748 watch.go:40] Failed to load config from \"/home/sookshum/Jasminder-Projects/Training Projects/astro-app/dataconnect\": could not find dataconnect.yaml in `/home/sookshum/Jasminder-Projects/Training Projects/astro-app/dataconnect`\n"}}
[debug] [2026-02-03T03:58:57.359Z] E0203 09:28:57.359147   37748 watch.go:40] Failed to load config from "/home/sookshum/Jasminder-Projects/Training Projects/astro-app/dataconnect": could not find dataconnect.yaml in `/home/sookshum/Jasminder-Projects/Training Projects/astro-app/dataconnect`
 {"metadata":{"emulator":{"name":"dataconnect"},"message":"E0203 09:28:57.359147   37748 watch.go:40] Failed to load config from \"/home/sookshum/Jasminder-Projects/Training Projects/astro-app/dataconnect\": could not find dataconnect.yaml in `/home/sookshum/Jasminder-Projects/Training Projects/astro-app/dataconnect`\n"}}
[debug] [2026-02-03T03:59:07.363Z] E0203 09:29:07.363214   37748 watch.go:40] Failed to load config from "/home/sookshum/Jasminder-Projects/Training Projects/astro-app/dataconnect": could not find dataconnect.yaml in `/home/sookshum/Jasminder-Projects/Training Projects/astro-app/dataconnect`
 {"metadata":{"emulator":{"name":"dataconnect"},"message":"E0203 09:29:07.363214   37748 watch.go:40] Failed to load config from \"/home/sookshum/Jasminder-Projects/Training Projects/astro-app/dataconnect\": could not find dataconnect.yaml in `/home/sookshum/Jasminder-Projects/Training Projects/astro-app/dataconnect`\n"}}
[debug] [2026-02-03T03:59:17.353Z] E0203 09:29:17.353277   37748 watch.go:40] Failed to load config from "/home/sookshum/Jasminder-Projects/Training Projects/astro-app/dataconnect": could not find dataconnect.yaml in `/home/sookshum/Jasminder-Projects/Training Projects/astro-app/dataconnect`
 {"metadata":{"emulator":{"name":"dataconnect"},"message":"E0203 09:29:17.353277   37748 watch.go:40] Failed to load config from \"/home/sookshum/Jasminder-Projects/Training Projects/astro-app/dataconnect\": could not find dataconnect.yaml in `/home/sookshum/Jasminder-Projects/Training Projects/astro-app/dataconnect`\n"}}
[debug] [2026-02-03T03:59:27.361Z] E0203 09:29:27.361603   37748 watch.go:40] Failed to load config from "/home/sookshum/Jasminder-Projects/Training Projects/astro-app/dataconnect": could not find dataconnect.yaml in `/home/sookshum/Jasminder-Projects/Training Projects/astro-app/dataconnect`
 {"metadata":{"emulator":{"name":"dataconnect"},"message":"E0203 09:29:27.361603   37748 watch.go:40] Failed to load config from \"/home/sookshum/Jasminder-Projects/Training Projects/astro-app/dataconnect\": could not find dataconnect.yaml in `/home/sookshum/Jasminder-Projects/Training Projects/astro-app/dataconnect`\n"}}
[debug] [2026-02-03T03:59:37.359Z] E0203 09:29:37.359262   37748 watch.go:40] Failed to load config from "/home/sookshum/Jasminder-Projects/Training Projects/astro-app/dataconnect": could not find dataconnect.yaml in `/home/sookshum/Jasminder-Projects/Training Projects/astro-app/dataconnect`
 {"metadata":{"emulator":{"name":"dataconnect"},"message":"E0203 09:29:37.359262   37748 watch.go:40] Failed to load config from \"/home/sookshum/Jasminder-Projects/Training Projects/astro-app/dataconnect\": could not find dataconnect.yaml in `/home/sookshum/Jasminder-Projects/Training Projects/astro-app/dataconnect`\n"}}
[debug] [2026-02-03T03:59:47.354Z] E0203 09:29:47.354175   37748 watch.go:116] watchAllDir unable to walk dir `/home/sookshum/Jasminder-Projects/Training Projects/astro-app/dataconnect`: lstat /home/sookshum/Jasminder-Projects/Training Projects/astro-app/dataconnect: no such file or directory
E0203 09:29:47.354354   37748 watch.go:40] Failed to load config from "/home/sookshum/Jasminder-Projects/Training Projects/astro-app/dataconnect": could not find dataconnect.yaml in `/home/sookshum/Jasminder-Projects/Training Projects/astro-app/dataconnect`
 {"metadata":{"emulator":{"name":"dataconnect"},"message":"E0203 09:29:47.354175   37748 watch.go:116] watchAllDir unable to walk dir `/home/sookshum/Jasminder-Projects/Training Projects/astro-app/dataconnect`: lstat /home/sookshum/Jasminder-Projects/Training Projects/astro-app/dataconnect: no such file or directory\nE0203 09:29:47.354354   37748 watch.go:40] Failed to load config from \"/home/sookshum/Jasminder-Projects/Training Projects/astro-app/dataconnect\": could not find dataconnect.yaml in `/home/sookshum/Jasminder-Projects/Training Projects/astro-app/dataconnect`\n"}}
[debug] [2026-02-03T03:59:57.355Z] E0203 09:29:57.354638   37748 watch.go:40] Failed to load config from "/home/sookshum/Jasminder-Projects/Training Projects/astro-app/dataconnect": could not find dataconnect.yaml in `/home/sookshum/Jasminder-Projects/Training Projects/astro-app/dataconnect`
 {"metadata":{"emulator":{"name":"dataconnect"},"message":"E0203 09:29:57.354638   37748 watch.go:40] Failed to load config from \"/home/sookshum/Jasminder-Projects/Training Projects/astro-app/dataconnect\": could not find dataconnect.yaml in `/home/sookshum/Jasminder-Projects/Training Projects/astro-app/dataconnect`\n"}}
[debug] [2026-02-03T04:00:07.353Z] E0203 09:30:07.353416   37748 watch.go:40] Failed to load config from "/home/sookshum/Jasminder-Projects/Training Projects/astro-app/dataconnect": could not find dataconnect.yaml in `/home/sookshum/Jasminder-Projects/Training Projects/astro-app/dataconnect`
 {"metadata":{"emulator":{"name":"dataconnect"},"message":"E0203 09:30:07.353416   37748 watch.go:40] Failed to load config from \"/home/sookshum/Jasminder-Projects/Training Projects/astro-app/dataconnect\": could not find dataconnect.yaml in `/home/sookshum/Jasminder-Projects/Training Projects/astro-app/dataconnect`\n"}}
[debug] [2026-02-03T04:00:17.353Z] E0203 09:30:17.353567   37748 watch.go:40] Failed to load config from "/home/sookshum/Jasminder-Projects/Training Projects/astro-app/dataconnect": could not find dataconnect.yaml in `/home/sookshum/Jasminder-Projects/Training Projects/astro-app/dataconnect`
 {"metadata":{"emulator":{"name":"dataconnect"},"message":"E0203 09:30:17.353567   37748 watch.go:40] Failed to load config from \"/home/sookshum/Jasminder-Projects/Training Projects/astro-app/dataconnect\": could not find dataconnect.yaml in `/home/sookshum/Jasminder-Projects/Training Projects/astro-app/dataconnect`\n"}}
[debug] [2026-02-03T04:00:27.359Z] E0203 09:30:27.359160   37748 watch.go:40] Failed to load config from "/home/sookshum/Jasminder-Projects/Training Projects/astro-app/dataconnect": could not find dataconnect.yaml in `/home/sookshum/Jasminder-Projects/Training Projects/astro-app/dataconnect`
 {"metadata":{"emulator":{"name":"dataconnect"},"message":"E0203 09:30:27.359160   37748 watch.go:40] Failed to load config from \"/home/sookshum/Jasminder-Projects/Training Projects/astro-app/dataconnect\": could not find dataconnect.yaml in `/home/sookshum/Jasminder-Projects/Training Projects/astro-app/dataconnect`\n"}}
[debug] [2026-02-03T04:00:37.365Z] E0203 09:30:37.363223   37748 watch.go:40] Failed to load config from "/home/sookshum/Jasminder-Projects/Training Projects/astro-app/dataconnect": could not find dataconnect.yaml in `/home/sookshum/Jasminder-Projects/Training Projects/astro-app/dataconnect`
 {"metadata":{"emulator":{"name":"dataconnect"},"message":"E0203 09:30:37.363223   37748 watch.go:40] Failed to load config from \"/home/sookshum/Jasminder-Projects/Training Projects/astro-app/dataconnect\": could not find dataconnect.yaml in `/home/sookshum/Jasminder-Projects/Training Projects/astro-app/dataconnect`\n"}}
[debug] [2026-02-03T04:00:47.353Z] E0203 09:30:47.353453   37748 watch.go:116] watchAllDir unable to walk dir `/home/sookshum/Jasminder-Projects/Training Projects/astro-app/dataconnect`: lstat /home/sookshum/Jasminder-Projects/Training Projects/astro-app/dataconnect: no such file or directory
E0203 09:30:47.353550   37748 watch.go:40] Failed to load config from "/home/sookshum/Jasminder-Projects/Training Projects/astro-app/dataconnect": could not find dataconnect.yaml in `/home/sookshum/Jasminder-Projects/Training Projects/astro-app/dataconnect`
 {"metadata":{"emulator":{"name":"dataconnect"},"message":"E0203 09:30:47.353453   37748 watch.go:116] watchAllDir unable to walk dir `/home/sookshum/Jasminder-Projects/Training Projects/astro-app/dataconnect`: lstat /home/sookshum/Jasminder-Projects/Training Projects/astro-app/dataconnect: no such file or directory\nE0203 09:30:47.353550   37748 watch.go:40] Failed to load config from \"/home/sookshum/Jasminder-Projects/Training Projects/astro-app/dataconnect\": could not find dataconnect.yaml in `/home/sookshum/Jasminder-Projects/Training Projects/astro-app/dataconnect`\n"}}
[debug] [2026-02-03T04:00:57.363Z] E0203 09:30:57.362994   37748 watch.go:40] Failed to load config from "/home/sookshum/Jasminder-Projects/Training Projects/astro-app/dataconnect": could not find dataconnect.yaml in `/home/sookshum/Jasminder-Projects/Training Projects/astro-app/dataconnect`
 {"metadata":{"emulator":{"name":"dataconnect"},"message":"E0203 09:30:57.362994   37748 watch.go:40] Failed to load config from \"/home/sookshum/Jasminder-Projects/Training Projects/astro-app/dataconnect\": could not find dataconnect.yaml in `/home/sookshum/Jasminder-Projects/Training Projects/astro-app/dataconnect`\n"}}
[debug] [2026-02-03T04:01:07.354Z] E0203 09:31:07.354382   37748 watch.go:40] Failed to load config from "/home/sookshum/Jasminder-Projects/Training Projects/astro-app/dataconnect": could not find dataconnect.yaml in `/home/sookshum/Jasminder-Projects/Training Projects/astro-app/dataconnect`
 {"metadata":{"emulator":{"name":"dataconnect"},"message":"E0203 09:31:07.354382   37748 watch.go:40] Failed to load config from \"/home/sookshum/Jasminder-Projects/Training Projects/astro-app/dataconnect\": could not find dataconnect.yaml in `/home/sookshum/Jasminder-Projects/Training Projects/astro-app/dataconnect`\n"}}
[debug] [2026-02-03T04:01:17.354Z] E0203 09:31:17.354221   37748 watch.go:40] Failed to load config from "/home/sookshum/Jasminder-Projects/Training Projects/astro-app/dataconnect": could not find dataconnect.yaml in `/home/sookshum/Jasminder-Projects/Training Projects/astro-app/dataconnect`
 {"metadata":{"emulator":{"name":"dataconnect"},"message":"E0203 09:31:17.354221   37748 watch.go:40] Failed to load config from \"/home/sookshum/Jasminder-Projects/Training Projects/astro-app/dataconnect\": could not find dataconnect.yaml in `/home/sookshum/Jasminder-Projects/Training Projects/astro-app/dataconnect`\n"}}
[debug] [2026-02-03T04:01:27.359Z] E0203 09:31:27.359185   37748 watch.go:40] Failed to load config from "/home/sookshum/Jasminder-Projects/Training Projects/astro-app/dataconnect": could not find dataconnect.yaml in `/home/sookshum/Jasminder-Projects/Training Projects/astro-app/dataconnect`
 {"metadata":{"emulator":{"name":"dataconnect"},"message":"E0203 09:31:27.359185   37748 watch.go:40] Failed to load config from \"/home/sookshum/Jasminder-Projects/Training Projects/astro-app/dataconnect\": could not find dataconnect.yaml in `/home/sookshum/Jasminder-Projects/Training Projects/astro-app/dataconnect`\n"}}
[debug] [2026-02-03T04:01:37.360Z] E0203 09:31:37.360025   37748 watch.go:40] Failed to load config from "/home/sookshum/Jasminder-Projects/Training Projects/astro-app/dataconnect": could not find dataconnect.yaml in `/home/sookshum/Jasminder-Projects/Training Projects/astro-app/dataconnect`
 {"metadata":{"emulator":{"name":"dataconnect"},"message":"E0203 09:31:37.360025   37748 watch.go:40] Failed to load config from \"/home/sookshum/Jasminder-Projects/Training Projects/astro-app/dataconnect\": could not find dataconnect.yaml in `/home/sookshum/Jasminder-Projects/Training Projects/astro-app/dataconnect`\n"}}
[debug] [2026-02-03T04:01:47.353Z] E0203 09:31:47.353510   37748 watch.go:40] Failed to load config from "/home/sookshum/Jasminder-Projects/Training Projects/astro-app/dataconnect": could not find dataconnect.yaml in `/home/sookshum/Jasminder-Projects/Training Projects/astro-app/dataconnect`
E0203 09:31:47.353486   37748 watch.go:116] watchAllDir unable to walk dir `/home/sookshum/Jasminder-Projects/Training Projects/astro-app/dataconnect`: lstat /home/sookshum/Jasminder-Projects/Training Projects/astro-app/dataconnect: no such file or directory
 {"metadata":{"emulator":{"name":"dataconnect"},"message":"E0203 09:31:47.353510   37748 watch.go:40] Failed to load config from \"/home/sookshum/Jasminder-Projects/Training Projects/astro-app/dataconnect\": could not find dataconnect.yaml in `/home/sookshum/Jasminder-Projects/Training Projects/astro-app/dataconnect`\nE0203 09:31:47.353486   37748 watch.go:116] watchAllDir unable to walk dir `/home/sookshum/Jasminder-Projects/Training Projects/astro-app/dataconnect`: lstat /home/sookshum/Jasminder-Projects/Training Projects/astro-app/dataconnect: no such file or directory\n"}}
[debug] [2026-02-03T04:01:57.358Z] E0203 09:31:57.358197   37748 watch.go:40] Failed to load config from "/home/sookshum/Jasminder-Projects/Training Projects/astro-app/dataconnect": could not find dataconnect.yaml in `/home/sookshum/Jasminder-Projects/Training Projects/astro-app/dataconnect`
 {"metadata":{"emulator":{"name":"dataconnect"},"message":"E0203 09:31:57.358197   37748 watch.go:40] Failed to load config from \"/home/sookshum/Jasminder-Projects/Training Projects/astro-app/dataconnect\": could not find dataconnect.yaml in `/home/sookshum/Jasminder-Projects/Training Projects/astro-app/dataconnect`\n"}}
[debug] [2026-02-03T04:02:07.354Z] E0203 09:32:07.353619   37748 watch.go:40] Failed to load config from "/home/sookshum/Jasminder-Projects/Training Projects/astro-app/dataconnect": could not find dataconnect.yaml in `/home/sookshum/Jasminder-Projects/Training Projects/astro-app/dataconnect`
 {"metadata":{"emulator":{"name":"dataconnect"},"message":"E0203 09:32:07.353619   37748 watch.go:40] Failed to load config from \"/home/sookshum/Jasminder-Projects/Training Projects/astro-app/dataconnect\": could not find dataconnect.yaml in `/home/sookshum/Jasminder-Projects/Training Projects/astro-app/dataconnect`\n"}}
[debug] [2026-02-03T04:02:17.353Z] E0203 09:32:17.353288   37748 watch.go:40] Failed to load config from "/home/sookshum/Jasminder-Projects/Training Projects/astro-app/dataconnect": could not find dataconnect.yaml in `/home/sookshum/Jasminder-Projects/Training Projects/astro-app/dataconnect`
 {"metadata":{"emulator":{"name":"dataconnect"},"message":"E0203 09:32:17.353288   37748 watch.go:40] Failed to load config from \"/home/sookshum/Jasminder-Projects/Training Projects/astro-app/dataconnect\": could not find dataconnect.yaml in `/home/sookshum/Jasminder-Projects/Training Projects/astro-app/dataconnect`\n"}}
[debug] [2026-02-03T04:02:27.362Z] E0203 09:32:27.362373   37748 watch.go:40] Failed to load config from "/home/sookshum/Jasminder-Projects/Training Projects/astro-app/dataconnect": could not find dataconnect.yaml in `/home/sookshum/Jasminder-Projects/Training Projects/astro-app/dataconnect`
 {"metadata":{"emulator":{"name":"dataconnect"},"message":"E0203 09:32:27.362373   37748 watch.go:40] Failed to load config from \"/home/sookshum/Jasminder-Projects/Training Projects/astro-app/dataconnect\": could not find dataconnect.yaml in `/home/sookshum/Jasminder-Projects/Training Projects/astro-app/dataconnect`\n"}}
[debug] [2026-02-03T04:02:37.359Z] E0203 09:32:37.359258   37748 watch.go:40] Failed to load config from "/home/sookshum/Jasminder-Projects/Training Projects/astro-app/dataconnect": could not find dataconnect.yaml in `/home/sookshum/Jasminder-Projects/Training Projects/astro-app/dataconnect`
 {"metadata":{"emulator":{"name":"dataconnect"},"message":"E0203 09:32:37.359258   37748 watch.go:40] Failed to load config from \"/home/sookshum/Jasminder-Projects/Training Projects/astro-app/dataconnect\": could not find dataconnect.yaml in `/home/sookshum/Jasminder-Projects/Training Projects/astro-app/dataconnect`\n"}}
[debug] [2026-02-03T04:02:47.354Z] E0203 09:32:47.354082   37748 watch.go:116] watchAllDir unable to walk dir `/home/sookshum/Jasminder-Projects/Training Projects/astro-app/dataconnect`: lstat /home/sookshum/Jasminder-Projects/Training Projects/astro-app/dataconnect: no such file or directory
E0203 09:32:47.354183   37748 watch.go:40] Failed to load config from "/home/sookshum/Jasminder-Projects/Training Projects/astro-app/dataconnect": could not find dataconnect.yaml in `/home/sookshum/Jasminder-Projects/Training Projects/astro-app/dataconnect`
 {"metadata":{"emulator":{"name":"dataconnect"},"message":"E0203 09:32:47.354082   37748 watch.go:116] watchAllDir unable to walk dir `/home/sookshum/Jasminder-Projects/Training Projects/astro-app/dataconnect`: lstat /home/sookshum/Jasminder-Projects/Training Projects/astro-app/dataconnect: no such file or directory\nE0203 09:32:47.354183   37748 watch.go:40] Failed to load config from \"/home/sookshum/Jasminder-Projects/Training Projects/astro-app/dataconnect\": could not find dataconnect.yaml in `/home/sookshum/Jasminder-Projects/Training Projects/astro-app/dataconnect`\n"}}
[debug] [2026-02-03T04:02:57.362Z] E0203 09:32:57.362502   37748 watch.go:40] Failed to load config from "/home/sookshum/Jasminder-Projects/Training Projects/astro-app/dataconnect": could not find dataconnect.yaml in `/home/sookshum/Jasminder-Projects/Training Projects/astro-app/dataconnect`
 {"metadata":{"emulator":{"name":"dataconnect"},"message":"E0203 09:32:57.362502   37748 watch.go:40] Failed to load config from \"/home/sookshum/Jasminder-Projects/Training Projects/astro-app/dataconnect\": could not find dataconnect.yaml in `/home/sookshum/Jasminder-Projects/Training Projects/astro-app/dataconnect`\n"}}
[debug] [2026-02-03T04:03:07.359Z] E0203 09:33:07.359259   37748 watch.go:40] Failed to load config from "/home/sookshum/Jasminder-Projects/Training Projects/astro-app/dataconnect": could not find dataconnect.yaml in `/home/sookshum/Jasminder-Projects/Training Projects/astro-app/dataconnect`
 {"metadata":{"emulator":{"name":"dataconnect"},"message":"E0203 09:33:07.359259   37748 watch.go:40] Failed to load config from \"/home/sookshum/Jasminder-Projects/Training Projects/astro-app/dataconnect\": could not find dataconnect.yaml in `/home/sookshum/Jasminder-Projects/Training Projects/astro-app/dataconnect`\n"}}
[debug] [2026-02-03T04:03:17.353Z] E0203 09:33:17.353356   37748 watch.go:40] Failed to load config from "/home/sookshum/Jasminder-Projects/Training Projects/astro-app/dataconnect": could not find dataconnect.yaml in `/home/sookshum/Jasminder-Projects/Training Projects/astro-app/dataconnect`
 {"metadata":{"emulator":{"name":"dataconnect"},"message":"E0203 09:33:17.353356   37748 watch.go:40] Failed to load config from \"/home/sookshum/Jasminder-Projects/Training Projects/astro-app/dataconnect\": could not find dataconnect.yaml in `/home/sookshum/Jasminder-Projects/Training Projects/astro-app/dataconnect`\n"}}
[debug] [2026-02-03T04:03:27.360Z] E0203 09:33:27.360144   37748 watch.go:40] Failed to load config from "/home/sookshum/Jasminder-Projects/Training Projects/astro-app/dataconnect": could not find dataconnect.yaml in `/home/sookshum/Jasminder-Projects/Training Projects/astro-app/dataconnect`
 {"metadata":{"emulator":{"name":"dataconnect"},"message":"E0203 09:33:27.360144   37748 watch.go:40] Failed to load config from \"/home/sookshum/Jasminder-Projects/Training Projects/astro-app/dataconnect\": could not find dataconnect.yaml in `/home/sookshum/Jasminder-Projects/Training Projects/astro-app/dataconnect`\n"}}
[debug] [2026-02-03T04:03:37.363Z] E0203 09:33:37.363318   37748 watch.go:40] Failed to load config from "/home/sookshum/Jasminder-Projects/Training Projects/astro-app/dataconnect": could not find dataconnect.yaml in `/home/sookshum/Jasminder-Projects/Training Projects/astro-app/dataconnect`
 {"metadata":{"emulator":{"name":"dataconnect"},"message":"E0203 09:33:37.363318   37748 watch.go:40] Failed to load config from \"/home/sookshum/Jasminder-Projects/Training Projects/astro-app/dataconnect\": could not find dataconnect.yaml in `/home/sookshum/Jasminder-Projects/Training Projects/astro-app/dataconnect`\n"}}
[debug] [2026-02-03T04:03:47.354Z] E0203 09:33:47.353856   37748 watch.go:116] watchAllDir unable to walk dir `/home/sookshum/Jasminder-Projects/Training Projects/astro-app/dataconnect`: lstat /home/sookshum/Jasminder-Projects/Training Projects/astro-app/dataconnect: no such file or directory
E0203 09:33:47.353963   37748 watch.go:40] Failed to load config from "/home/sookshum/Jasminder-Projects/Training Projects/astro-app/dataconnect": could not find dataconnect.yaml in `/home/sookshum/Jasminder-Projects/Training Projects/astro-app/dataconnect`
 {"metadata":{"emulator":{"name":"dataconnect"},"message":"E0203 09:33:47.353856   37748 watch.go:116] watchAllDir unable to walk dir `/home/sookshum/Jasminder-Projects/Training Projects/astro-app/dataconnect`: lstat /home/sookshum/Jasminder-Projects/Training Projects/astro-app/dataconnect: no such file or directory\nE0203 09:33:47.353963   37748 watch.go:40] Failed to load config from \"/home/sookshum/Jasminder-Projects/Training Projects/astro-app/dataconnect\": could not find dataconnect.yaml in `/home/sookshum/Jasminder-Projects/Training Projects/astro-app/dataconnect`\n"}}
[debug] [2026-02-03T04:03:57.363Z] E0203 09:33:57.363188   37748 watch.go:40] Failed to load config from "/home/sookshum/Jasminder-Projects/Training Projects/astro-app/dataconnect": could not find dataconnect.yaml in `/home/sookshum/Jasminder-Projects/Training Projects/astro-app/dataconnect`
 {"metadata":{"emulator":{"name":"dataconnect"},"message":"E0203 09:33:57.363188   37748 watch.go:40] Failed to load config from \"/home/sookshum/Jasminder-Projects/Training Projects/astro-app/dataconnect\": could not find dataconnect.yaml in `/home/sookshum/Jasminder-Projects/Training Projects/astro-app/dataconnect`\n"}}
[debug] [2026-02-03T04:04:07.353Z] E0203 09:34:07.353707   37748 watch.go:40] Failed to load config from "/home/sookshum/Jasminder-Projects/Training Projects/astro-app/dataconnect": could not find dataconnect.yaml in `/home/sookshum/Jasminder-Projects/Training Projects/astro-app/dataconnect`
 {"metadata":{"emulator":{"name":"dataconnect"},"message":"E0203 09:34:07.353707   37748 watch.go:40] Failed to load config from \"/home/sookshum/Jasminder-Projects/Training Projects/astro-app/dataconnect\": could not find dataconnect.yaml in `/home/sookshum/Jasminder-Projects/Training Projects/astro-app/dataconnect`\n"}}
[debug] [2026-02-03T04:04:17.354Z] E0203 09:34:17.353807   37748 watch.go:40] Failed to load config from "/home/sookshum/Jasminder-Projects/Training Projects/astro-app/dataconnect": could not find dataconnect.yaml in `/home/sookshum/Jasminder-Projects/Training Projects/astro-app/dataconnect`
 {"metadata":{"emulator":{"name":"dataconnect"},"message":"E0203 09:34:17.353807   37748 watch.go:40] Failed to load config from \"/home/sookshum/Jasminder-Projects/Training Projects/astro-app/dataconnect\": could not find dataconnect.yaml in `/home/sookshum/Jasminder-Projects/Training Projects/astro-app/dataconnect`\n"}}
[debug] [2026-02-03T04:04:27.359Z] E0203 09:34:27.359475   37748 watch.go:40] Failed to load config from "/home/sookshum/Jasminder-Projects/Training Projects/astro-app/dataconnect": could not find dataconnect.yaml in `/home/sookshum/Jasminder-Projects/Training Projects/astro-app/dataconnect`
 {"metadata":{"emulator":{"name":"dataconnect"},"message":"E0203 09:34:27.359475   37748 watch.go:40] Failed to load config from \"/home/sookshum/Jasminder-Projects/Training Projects/astro-app/dataconnect\": could not find dataconnect.yaml in `/home/sookshum/Jasminder-Projects/Training Projects/astro-app/dataconnect`\n"}}
[debug] [2026-02-03T04:04:37.360Z] E0203 09:34:37.360765   37748 watch.go:40] Failed to load config from "/home/sookshum/Jasminder-Projects/Training Projects/astro-app/dataconnect": could not find dataconnect.yaml in `/home/sookshum/Jasminder-Projects/Training Projects/astro-app/dataconnect`
 {"metadata":{"emulator":{"name":"dataconnect"},"message":"E0203 09:34:37.360765   37748 watch.go:40] Failed to load config from \"/home/sookshum/Jasminder-Projects/Training Projects/astro-app/dataconnect\": could not find dataconnect.yaml in `/home/sookshum/Jasminder-Projects/Training Projects/astro-app/dataconnect`\n"}}
[debug] [2026-02-03T04:04:47.353Z] E0203 09:34:47.353460   37748 watch.go:116] watchAllDir unable to walk dir `/home/sookshum/Jasminder-Projects/Training Projects/astro-app/dataconnect`: lstat /home/sookshum/Jasminder-Projects/Training Projects/astro-app/dataconnect: no such file or directory
E0203 09:34:47.353574   37748 watch.go:40] Failed to load config from "/home/sookshum/Jasminder-Projects/Training Projects/astro-app/dataconnect": could not find dataconnect.yaml in `/home/sookshum/Jasminder-Projects/Training Projects/astro-app/dataconnect`
 {"metadata":{"emulator":{"name":"dataconnect"},"message":"E0203 09:34:47.353460   37748 watch.go:116] watchAllDir unable to walk dir `/home/sookshum/Jasminder-Projects/Training Projects/astro-app/dataconnect`: lstat /home/sookshum/Jasminder-Projects/Training Projects/astro-app/dataconnect: no such file or directory\nE0203 09:34:47.353574   37748 watch.go:40] Failed to load config from \"/home/sookshum/Jasminder-Projects/Training Projects/astro-app/dataconnect\": could not find dataconnect.yaml in `/home/sookshum/Jasminder-Projects/Training Projects/astro-app/dataconnect`\n"}}
[debug] [2026-02-03T04:04:57.361Z] E0203 09:34:57.361480   37748 watch.go:40] Failed to load config from "/home/sookshum/Jasminder-Projects/Training Projects/astro-app/dataconnect": could not find dataconnect.yaml in `/home/sookshum/Jasminder-Projects/Training Projects/astro-app/dataconnect`
 {"metadata":{"emulator":{"name":"dataconnect"},"message":"E0203 09:34:57.361480   37748 watch.go:40] Failed to load config from \"/home/sookshum/Jasminder-Projects/Training Projects/astro-app/dataconnect\": could not find dataconnect.yaml in `/home/sookshum/Jasminder-Projects/Training Projects/astro-app/dataconnect`\n"}}
[debug] [2026-02-03T04:05:07.361Z] E0203 09:35:07.359255   37748 watch.go:40] Failed to load config from "/home/sookshum/Jasminder-Projects/Training Projects/astro-app/dataconnect": could not find dataconnect.yaml in `/home/sookshum/Jasminder-Projects/Training Projects/astro-app/dataconnect`
 {"metadata":{"emulator":{"name":"dataconnect"},"message":"E0203 09:35:07.359255   37748 watch.go:40] Failed to load config from \"/home/sookshum/Jasminder-Projects/Training Projects/astro-app/dataconnect\": could not find dataconnect.yaml in `/home/sookshum/Jasminder-Projects/Training Projects/astro-app/dataconnect`\n"}}
[debug] [2026-02-03T04:05:17.354Z] E0203 09:35:17.353798   37748 watch.go:40] Failed to load config from "/home/sookshum/Jasminder-Projects/Training Projects/astro-app/dataconnect": could not find dataconnect.yaml in `/home/sookshum/Jasminder-Projects/Training Projects/astro-app/dataconnect`
 {"metadata":{"emulator":{"name":"dataconnect"},"message":"E0203 09:35:17.353798   37748 watch.go:40] Failed to load config from \"/home/sookshum/Jasminder-Projects/Training Projects/astro-app/dataconnect\": could not find dataconnect.yaml in `/home/sookshum/Jasminder-Projects/Training Projects/astro-app/dataconnect`\n"}}
[debug] [2026-02-03T04:05:27.359Z] E0203 09:35:27.359142   37748 watch.go:40] Failed to load config from "/home/sookshum/Jasminder-Projects/Training Projects/astro-app/dataconnect": could not find dataconnect.yaml in `/home/sookshum/Jasminder-Projects/Training Projects/astro-app/dataconnect`
 {"metadata":{"emulator":{"name":"dataconnect"},"message":"E0203 09:35:27.359142   37748 watch.go:40] Failed to load config from \"/home/sookshum/Jasminder-Projects/Training Projects/astro-app/dataconnect\": could not find dataconnect.yaml in `/home/sookshum/Jasminder-Projects/Training Projects/astro-app/dataconnect`\n"}}
[debug] [2026-02-03T04:05:37.363Z] E0203 09:35:37.363211   37748 watch.go:40] Failed to load config from "/home/sookshum/Jasminder-Projects/Training Projects/astro-app/dataconnect": could not find dataconnect.yaml in `/home/sookshum/Jasminder-Projects/Training Projects/astro-app/dataconnect`
 {"metadata":{"emulator":{"name":"dataconnect"},"message":"E0203 09:35:37.363211   37748 watch.go:40] Failed to load config from \"/home/sookshum/Jasminder-Projects/Training Projects/astro-app/dataconnect\": could not find dataconnect.yaml in `/home/sookshum/Jasminder-Projects/Training Projects/astro-app/dataconnect`\n"}}
[debug] [2026-02-03T04:05:47.354Z] E0203 09:35:47.353794   37748 watch.go:40] Failed to load config from "/home/sookshum/Jasminder-Projects/Training Projects/astro-app/dataconnect": could not find dataconnect.yaml in `/home/sookshum/Jasminder-Projects/Training Projects/astro-app/dataconnect`
 {"metadata":{"emulator":{"name":"dataconnect"},"message":"E0203 09:35:47.353794   37748 watch.go:40] Failed to load config from \"/home/sookshum/Jasminder-Projects/Training Projects/astro-app/dataconnect\": could not find dataconnect.yaml in `/home/sookshum/Jasminder-Projects/Training Projects/astro-app/dataconnect`\n"}}
[debug] [2026-02-03T04:05:47.354Z] E0203 09:35:47.353651   37748 watch.go:116] watchAllDir unable to walk dir `/home/sookshum/Jasminder-Projects/Training Projects/astro-app/dataconnect`: lstat /home/sookshum/Jasminder-Projects/Training Projects/astro-app/dataconnect: no such file or directory
 {"metadata":{"emulator":{"name":"dataconnect"},"message":"E0203 09:35:47.353651   37748 watch.go:116] watchAllDir unable to walk dir `/home/sookshum/Jasminder-Projects/Training Projects/astro-app/dataconnect`: lstat /home/sookshum/Jasminder-Projects/Training Projects/astro-app/dataconnect: no such file or directory\n"}}
[debug] [2026-02-03T04:05:57.362Z] E0203 09:35:57.362150   37748 watch.go:40] Failed to load config from "/home/sookshum/Jasminder-Projects/Training Projects/astro-app/dataconnect": could not find dataconnect.yaml in `/home/sookshum/Jasminder-Projects/Training Projects/astro-app/dataconnect`
 {"metadata":{"emulator":{"name":"dataconnect"},"message":"E0203 09:35:57.362150   37748 watch.go:40] Failed to load config from \"/home/sookshum/Jasminder-Projects/Training Projects/astro-app/dataconnect\": could not find dataconnect.yaml in `/home/sookshum/Jasminder-Projects/Training Projects/astro-app/dataconnect`\n"}}
[debug] [2026-02-03T04:06:07.361Z] E0203 09:36:07.361290   37748 watch.go:40] Failed to load config from "/home/sookshum/Jasminder-Projects/Training Projects/astro-app/dataconnect": could not find dataconnect.yaml in `/home/sookshum/Jasminder-Projects/Training Projects/astro-app/dataconnect`
 {"metadata":{"emulator":{"name":"dataconnect"},"message":"E0203 09:36:07.361290   37748 watch.go:40] Failed to load config from \"/home/sookshum/Jasminder-Projects/Training Projects/astro-app/dataconnect\": could not find dataconnect.yaml in `/home/sookshum/Jasminder-Projects/Training Projects/astro-app/dataconnect`\n"}}
[debug] [2026-02-03T04:06:17.353Z] E0203 09:36:17.353268   37748 watch.go:40] Failed to load config from "/home/sookshum/Jasminder-Projects/Training Projects/astro-app/dataconnect": could not find dataconnect.yaml in `/home/sookshum/Jasminder-Projects/Training Projects/astro-app/dataconnect`
 {"metadata":{"emulator":{"name":"dataconnect"},"message":"E0203 09:36:17.353268   37748 watch.go:40] Failed to load config from \"/home/sookshum/Jasminder-Projects/Training Projects/astro-app/dataconnect\": could not find dataconnect.yaml in `/home/sookshum/Jasminder-Projects/Training Projects/astro-app/dataconnect`\n"}}
[debug] [2026-02-03T04:06:27.353Z] E0203 09:36:27.353451   37748 watch.go:40] Failed to load config from "/home/sookshum/Jasminder-Projects/Training Projects/astro-app/dataconnect": could not find dataconnect.yaml in `/home/sookshum/Jasminder-Projects/Training Projects/astro-app/dataconnect`
 {"metadata":{"emulator":{"name":"dataconnect"},"message":"E0203 09:36:27.353451   37748 watch.go:40] Failed to load config from \"/home/sookshum/Jasminder-Projects/Training Projects/astro-app/dataconnect\": could not find dataconnect.yaml in `/home/sookshum/Jasminder-Projects/Training Projects/astro-app/dataconnect`\n"}}
[debug] [2026-02-03T04:06:37.359Z] E0203 09:36:37.359247   37748 watch.go:40] Failed to load config from "/home/sookshum/Jasminder-Projects/Training Projects/astro-app/dataconnect": could not find dataconnect.yaml in `/home/sookshum/Jasminder-Projects/Training Projects/astro-app/dataconnect`
 {"metadata":{"emulator":{"name":"dataconnect"},"message":"E0203 09:36:37.359247   37748 watch.go:40] Failed to load config from \"/home/sookshum/Jasminder-Projects/Training Projects/astro-app/dataconnect\": could not find dataconnect.yaml in `/home/sookshum/Jasminder-Projects/Training Projects/astro-app/dataconnect`\n"}}
[debug] [2026-02-03T04:06:47.353Z] E0203 09:36:47.353220   37748 watch.go:116] watchAllDir unable to walk dir `/home/sookshum/Jasminder-Projects/Training Projects/astro-app/dataconnect`: lstat /home/sookshum/Jasminder-Projects/Training Projects/astro-app/dataconnect: no such file or directory
E0203 09:36:47.353263   37748 watch.go:40] Failed to load config from "/home/sookshum/Jasminder-Projects/Training Projects/astro-app/dataconnect": could not find dataconnect.yaml in `/home/sookshum/Jasminder-Projects/Training Projects/astro-app/dataconnect`
 {"metadata":{"emulator":{"name":"dataconnect"},"message":"E0203 09:36:47.353220   37748 watch.go:116] watchAllDir unable to walk dir `/home/sookshum/Jasminder-Projects/Training Projects/astro-app/dataconnect`: lstat /home/sookshum/Jasminder-Projects/Training Projects/astro-app/dataconnect: no such file or directory\nE0203 09:36:47.353263   37748 watch.go:40] Failed to load config from \"/home/sookshum/Jasminder-Projects/Training Projects/astro-app/dataconnect\": could not find dataconnect.yaml in `/home/sookshum/Jasminder-Projects/Training Projects/astro-app/dataconnect`\n"}}
[debug] [2026-02-03T04:06:57.359Z] E0203 09:36:57.359156   37748 watch.go:40] Failed to load config from "/home/sookshum/Jasminder-Projects/Training Projects/astro-app/dataconnect": could not find dataconnect.yaml in `/home/sookshum/Jasminder-Projects/Training Projects/astro-app/dataconnect`
 {"metadata":{"emulator":{"name":"dataconnect"},"message":"E0203 09:36:57.359156   37748 watch.go:40] Failed to load config from \"/home/sookshum/Jasminder-Projects/Training Projects/astro-app/dataconnect\": could not find dataconnect.yaml in `/home/sookshum/Jasminder-Projects/Training Projects/astro-app/dataconnect`\n"}}
[debug] [2026-02-03T04:07:07.363Z] E0203 09:37:07.363195   37748 watch.go:40] Failed to load config from "/home/sookshum/Jasminder-Projects/Training Projects/astro-app/dataconnect": could not find dataconnect.yaml in `/home/sookshum/Jasminder-Projects/Training Projects/astro-app/dataconnect`
 {"metadata":{"emulator":{"name":"dataconnect"},"message":"E0203 09:37:07.363195   37748 watch.go:40] Failed to load config from \"/home/sookshum/Jasminder-Projects/Training Projects/astro-app/dataconnect\": could not find dataconnect.yaml in `/home/sookshum/Jasminder-Projects/Training Projects/astro-app/dataconnect`\n"}}
[debug] [2026-02-03T04:07:17.354Z] E0203 09:37:17.353874   37748 watch.go:40] Failed to load config from "/home/sookshum/Jasminder-Projects/Training Projects/astro-app/dataconnect": could not find dataconnect.yaml in `/home/sookshum/Jasminder-Projects/Training Projects/astro-app/dataconnect`
 {"metadata":{"emulator":{"name":"dataconnect"},"message":"E0203 09:37:17.353874   37748 watch.go:40] Failed to load config from \"/home/sookshum/Jasminder-Projects/Training Projects/astro-app/dataconnect\": could not find dataconnect.yaml in `/home/sookshum/Jasminder-Projects/Training Projects/astro-app/dataconnect`\n"}}
[debug] [2026-02-03T04:07:27.359Z] E0203 09:37:27.359180   37748 watch.go:40] Failed to load config from "/home/sookshum/Jasminder-Projects/Training Projects/astro-app/dataconnect": could not find dataconnect.yaml in `/home/sookshum/Jasminder-Projects/Training Projects/astro-app/dataconnect`
 {"metadata":{"emulator":{"name":"dataconnect"},"message":"E0203 09:37:27.359180   37748 watch.go:40] Failed to load config from \"/home/sookshum/Jasminder-Projects/Training Projects/astro-app/dataconnect\": could not find dataconnect.yaml in `/home/sookshum/Jasminder-Projects/Training Projects/astro-app/dataconnect`\n"}}
[debug] [2026-02-03T04:07:37.360Z] E0203 09:37:37.360298   37748 watch.go:40] Failed to load config from "/home/sookshum/Jasminder-Projects/Training Projects/astro-app/dataconnect": could not find dataconnect.yaml in `/home/sookshum/Jasminder-Projects/Training Projects/astro-app/dataconnect`
 {"metadata":{"emulator":{"name":"dataconnect"},"message":"E0203 09:37:37.360298   37748 watch.go:40] Failed to load config from \"/home/sookshum/Jasminder-Projects/Training Projects/astro-app/dataconnect\": could not find dataconnect.yaml in `/home/sookshum/Jasminder-Projects/Training Projects/astro-app/dataconnect`\n"}}
[debug] [2026-02-03T04:07:47.353Z] E0203 09:37:47.353301   37748 watch.go:116] watchAllDir unable to walk dir `/home/sookshum/Jasminder-Projects/Training Projects/astro-app/dataconnect`: lstat /home/sookshum/Jasminder-Projects/Training Projects/astro-app/dataconnect: no such file or directory
E0203 09:37:47.353322   37748 watch.go:40] Failed to load config from "/home/sookshum/Jasminder-Projects/Training Projects/astro-app/dataconnect": could not find dataconnect.yaml in `/home/sookshum/Jasminder-Projects/Training Projects/astro-app/dataconnect`
 {"metadata":{"emulator":{"name":"dataconnect"},"message":"E0203 09:37:47.353301   37748 watch.go:116] watchAllDir unable to walk dir `/home/sookshum/Jasminder-Projects/Training Projects/astro-app/dataconnect`: lstat /home/sookshum/Jasminder-Projects/Training Projects/astro-app/dataconnect: no such file or directory\nE0203 09:37:47.353322   37748 watch.go:40] Failed to load config from \"/home/sookshum/Jasminder-Projects/Training Projects/astro-app/dataconnect\": could not find dataconnect.yaml in `/home/sookshum/Jasminder-Projects/Training Projects/astro-app/dataconnect`\n"}}
[debug] [2026-02-03T04:07:57.359Z] E0203 09:37:57.359183   37748 watch.go:40] Failed to load config from "/home/sookshum/Jasminder-Projects/Training Projects/astro-app/dataconnect": could not find dataconnect.yaml in `/home/sookshum/Jasminder-Projects/Training Projects/astro-app/dataconnect`
 {"metadata":{"emulator":{"name":"dataconnect"},"message":"E0203 09:37:57.359183   37748 watch.go:40] Failed to load config from \"/home/sookshum/Jasminder-Projects/Training Projects/astro-app/dataconnect\": could not find dataconnect.yaml in `/home/sookshum/Jasminder-Projects/Training Projects/astro-app/dataconnect`\n"}}
[debug] [2026-02-03T04:08:07.359Z] E0203 09:38:07.359177   37748 watch.go:40] Failed to load config from "/home/sookshum/Jasminder-Projects/Training Projects/astro-app/dataconnect": could not find dataconnect.yaml in `/home/sookshum/Jasminder-Projects/Training Projects/astro-app/dataconnect`
 {"metadata":{"emulator":{"name":"dataconnect"},"message":"E0203 09:38:07.359177   37748 watch.go:40] Failed to load config from \"/home/sookshum/Jasminder-Projects/Training Projects/astro-app/dataconnect\": could not find dataconnect.yaml in `/home/sookshum/Jasminder-Projects/Training Projects/astro-app/dataconnect`\n"}}
[debug] [2026-02-03T04:08:17.354Z] E0203 09:38:17.353947   37748 watch.go:40] Failed to load config from "/home/sookshum/Jasminder-Projects/Training Projects/astro-app/dataconnect": could not find dataconnect.yaml in `/home/sookshum/Jasminder-Projects/Training Projects/astro-app/dataconnect`
 {"metadata":{"emulator":{"name":"dataconnect"},"message":"E0203 09:38:17.353947   37748 watch.go:40] Failed to load config from \"/home/sookshum/Jasminder-Projects/Training Projects/astro-app/dataconnect\": could not find dataconnect.yaml in `/home/sookshum/Jasminder-Projects/Training Projects/astro-app/dataconnect`\n"}}
[debug] [2026-02-03T04:08:27.353Z] E0203 09:38:27.353429   37748 watch.go:40] Failed to load config from "/home/sookshum/Jasminder-Projects/Training Projects/astro-app/dataconnect": could not find dataconnect.yaml in `/home/sookshum/Jasminder-Projects/Training Projects/astro-app/dataconnect`
 {"metadata":{"emulator":{"name":"dataconnect"},"message":"E0203 09:38:27.353429   37748 watch.go:40] Failed to load config from \"/home/sookshum/Jasminder-Projects/Training Projects/astro-app/dataconnect\": could not find dataconnect.yaml in `/home/sookshum/Jasminder-Projects/Training Projects/astro-app/dataconnect`\n"}}
[debug] [2026-02-03T04:08:37.359Z] E0203 09:38:37.359221   37748 watch.go:40] Failed to load config from "/home/sookshum/Jasminder-Projects/Training Projects/astro-app/dataconnect": could not find dataconnect.yaml in `/home/sookshum/Jasminder-Projects/Training Projects/astro-app/dataconnect`
 {"metadata":{"emulator":{"name":"dataconnect"},"message":"E0203 09:38:37.359221   37748 watch.go:40] Failed to load config from \"/home/sookshum/Jasminder-Projects/Training Projects/astro-app/dataconnect\": could not find dataconnect.yaml in `/home/sookshum/Jasminder-Projects/Training Projects/astro-app/dataconnect`\n"}}
[debug] [2026-02-03T04:08:47.353Z] E0203 09:38:47.353412   37748 watch.go:116] watchAllDir unable to walk dir `/home/sookshum/Jasminder-Projects/Training Projects/astro-app/dataconnect`: lstat /home/sookshum/Jasminder-Projects/Training Projects/astro-app/dataconnect: no such file or directory
E0203 09:38:47.353495   37748 watch.go:40] Failed to load config from "/home/sookshum/Jasminder-Projects/Training Projects/astro-app/dataconnect": could not find dataconnect.yaml in `/home/sookshum/Jasminder-Projects/Training Projects/astro-app/dataconnect`
 {"metadata":{"emulator":{"name":"dataconnect"},"message":"E0203 09:38:47.353412   37748 watch.go:116] watchAllDir unable to walk dir `/home/sookshum/Jasminder-Projects/Training Projects/astro-app/dataconnect`: lstat /home/sookshum/Jasminder-Projects/Training Projects/astro-app/dataconnect: no such file or directory\nE0203 09:38:47.353495   37748 watch.go:40] Failed to load config from \"/home/sookshum/Jasminder-Projects/Training Projects/astro-app/dataconnect\": could not find dataconnect.yaml in `/home/sookshum/Jasminder-Projects/Training Projects/astro-app/dataconnect`\n"}}
[debug] [2026-02-03T04:08:57.359Z] E0203 09:38:57.359182   37748 watch.go:40] Failed to load config from "/home/sookshum/Jasminder-Projects/Training Projects/astro-app/dataconnect": could not find dataconnect.yaml in `/home/sookshum/Jasminder-Projects/Training Projects/astro-app/dataconnect`
 {"metadata":{"emulator":{"name":"dataconnect"},"message":"E0203 09:38:57.359182   37748 watch.go:40] Failed to load config from \"/home/sookshum/Jasminder-Projects/Training Projects/astro-app/dataconnect\": could not find dataconnect.yaml in `/home/sookshum/Jasminder-Projects/Training Projects/astro-app/dataconnect`\n"}}
[debug] [2026-02-03T04:09:07.363Z] E0203 09:39:07.363237   37748 watch.go:40] Failed to load config from "/home/sookshum/Jasminder-Projects/Training Projects/astro-app/dataconnect": could not find dataconnect.yaml in `/home/sookshum/Jasminder-Projects/Training Projects/astro-app/dataconnect`
 {"metadata":{"emulator":{"name":"dataconnect"},"message":"E0203 09:39:07.363237   37748 watch.go:40] Failed to load config from \"/home/sookshum/Jasminder-Projects/Training Projects/astro-app/dataconnect\": could not find dataconnect.yaml in `/home/sookshum/Jasminder-Projects/Training Projects/astro-app/dataconnect`\n"}}
[debug] [2026-02-03T04:09:17.353Z] E0203 09:39:17.353536   37748 watch.go:40] Failed to load config from "/home/sookshum/Jasminder-Projects/Training Projects/astro-app/dataconnect": could not find dataconnect.yaml in `/home/sookshum/Jasminder-Projects/Training Projects/astro-app/dataconnect`
 {"metadata":{"emulator":{"name":"dataconnect"},"message":"E0203 09:39:17.353536   37748 watch.go:40] Failed to load config from \"/home/sookshum/Jasminder-Projects/Training Projects/astro-app/dataconnect\": could not find dataconnect.yaml in `/home/sookshum/Jasminder-Projects/Training Projects/astro-app/dataconnect`\n"}}
[debug] [2026-02-03T04:09:27.359Z] E0203 09:39:27.359205   37748 watch.go:40] Failed to load config from "/home/sookshum/Jasminder-Projects/Training Projects/astro-app/dataconnect": could not find dataconnect.yaml in `/home/sookshum/Jasminder-Projects/Training Projects/astro-app/dataconnect`
 {"metadata":{"emulator":{"name":"dataconnect"},"message":"E0203 09:39:27.359205   37748 watch.go:40] Failed to load config from \"/home/sookshum/Jasminder-Projects/Training Projects/astro-app/dataconnect\": could not find dataconnect.yaml in `/home/sookshum/Jasminder-Projects/Training Projects/astro-app/dataconnect`\n"}}
[debug] [2026-02-03T04:09:37.359Z] E0203 09:39:37.359190   37748 watch.go:40] Failed to load config from "/home/sookshum/Jasminder-Projects/Training Projects/astro-app/dataconnect": could not find dataconnect.yaml in `/home/sookshum/Jasminder-Projects/Training Projects/astro-app/dataconnect`
 {"metadata":{"emulator":{"name":"dataconnect"},"message":"E0203 09:39:37.359190   37748 watch.go:40] Failed to load config from \"/home/sookshum/Jasminder-Projects/Training Projects/astro-app/dataconnect\": could not find dataconnect.yaml in `/home/sookshum/Jasminder-Projects/Training Projects/astro-app/dataconnect`\n"}}
[debug] [2026-02-03T04:09:47.353Z] E0203 09:39:47.353194   37748 watch.go:116] watchAllDir unable to walk dir `/home/sookshum/Jasminder-Projects/Training Projects/astro-app/dataconnect`: lstat /home/sookshum/Jasminder-Projects/Training Projects/astro-app/dataconnect: no such file or directory
E0203 09:39:47.353287   37748 watch.go:40] Failed to load config from "/home/sookshum/Jasminder-Projects/Training Projects/astro-app/dataconnect": could not find dataconnect.yaml in `/home/sookshum/Jasminder-Projects/Training Projects/astro-app/dataconnect`
 {"metadata":{"emulator":{"name":"dataconnect"},"message":"E0203 09:39:47.353194   37748 watch.go:116] watchAllDir unable to walk dir `/home/sookshum/Jasminder-Projects/Training Projects/astro-app/dataconnect`: lstat /home/sookshum/Jasminder-Projects/Training Projects/astro-app/dataconnect: no such file or directory\nE0203 09:39:47.353287   37748 watch.go:40] Failed to load config from \"/home/sookshum/Jasminder-Projects/Training Projects/astro-app/dataconnect\": could not find dataconnect.yaml in `/home/sookshum/Jasminder-Projects/Training Projects/astro-app/dataconnect`\n"}}
[debug] [2026-02-03T04:09:57.361Z] E0203 09:39:57.360711   37748 watch.go:40] Failed to load config from "/home/sookshum/Jasminder-Projects/Training Projects/astro-app/dataconnect": could not find dataconnect.yaml in `/home/sookshum/Jasminder-Projects/Training Projects/astro-app/dataconnect`
 {"metadata":{"emulator":{"name":"dataconnect"},"message":"E0203 09:39:57.360711   37748 watch.go:40] Failed to load config from \"/home/sookshum/Jasminder-Projects/Training Projects/astro-app/dataconnect\": could not find dataconnect.yaml in `/home/sookshum/Jasminder-Projects/Training Projects/astro-app/dataconnect`\n"}}
[debug] [2026-02-03T04:10:07.363Z] E0203 09:40:07.362886   37748 watch.go:40] Failed to load config from "/home/sookshum/Jasminder-Projects/Training Projects/astro-app/dataconnect": could not find dataconnect.yaml in `/home/sookshum/Jasminder-Projects/Training Projects/astro-app/dataconnect`
 {"metadata":{"emulator":{"name":"dataconnect"},"message":"E0203 09:40:07.362886   37748 watch.go:40] Failed to load config from \"/home/sookshum/Jasminder-Projects/Training Projects/astro-app/dataconnect\": could not find dataconnect.yaml in `/home/sookshum/Jasminder-Projects/Training Projects/astro-app/dataconnect`\n"}}
[debug] [2026-02-03T04:10:17.353Z] E0203 09:40:17.353568   37748 watch.go:40] Failed to load config from "/home/sookshum/Jasminder-Projects/Training Projects/astro-app/dataconnect": could not find dataconnect.yaml in `/home/sookshum/Jasminder-Projects/Training Projects/astro-app/dataconnect`
 {"metadata":{"emulator":{"name":"dataconnect"},"message":"E0203 09:40:17.353568   37748 watch.go:40] Failed to load config from \"/home/sookshum/Jasminder-Projects/Training Projects/astro-app/dataconnect\": could not find dataconnect.yaml in `/home/sookshum/Jasminder-Projects/Training Projects/astro-app/dataconnect`\n"}}
[debug] [2026-02-03T04:10:27.353Z] E0203 09:40:27.353675   37748 watch.go:40] Failed to load config from "/home/sookshum/Jasminder-Projects/Training Projects/astro-app/dataconnect": could not find dataconnect.yaml in `/home/sookshum/Jasminder-Projects/Training Projects/astro-app/dataconnect`
 {"metadata":{"emulator":{"name":"dataconnect"},"message":"E0203 09:40:27.353675   37748 watch.go:40] Failed to load config from \"/home/sookshum/Jasminder-Projects/Training Projects/astro-app/dataconnect\": could not find dataconnect.yaml in `/home/sookshum/Jasminder-Projects/Training Projects/astro-app/dataconnect`\n"}}
[debug] [2026-02-03T04:10:37.353Z] E0203 09:40:37.353509   37748 watch.go:40] Failed to load config from "/home/sookshum/Jasminder-Projects/Training Projects/astro-app/dataconnect": could not find dataconnect.yaml in `/home/sookshum/Jasminder-Projects/Training Projects/astro-app/dataconnect`
 {"metadata":{"emulator":{"name":"dataconnect"},"message":"E0203 09:40:37.353509   37748 watch.go:40] Failed to load config from \"/home/sookshum/Jasminder-Projects/Training Projects/astro-app/dataconnect\": could not find dataconnect.yaml in `/home/sookshum/Jasminder-Projects/Training Projects/astro-app/dataconnect`\n"}}
[debug] [2026-02-03T04:10:47.354Z] E0203 09:40:47.353795   37748 watch.go:116] watchAllDir unable to walk dir `/home/sookshum/Jasminder-Projects/Training Projects/astro-app/dataconnect`: lstat /home/sookshum/Jasminder-Projects/Training Projects/astro-app/dataconnect: no such file or directory
E0203 09:40:47.353863   37748 watch.go:40] Failed to load config from "/home/sookshum/Jasminder-Projects/Training Projects/astro-app/dataconnect": could not find dataconnect.yaml in `/home/sookshum/Jasminder-Projects/Training Projects/astro-app/dataconnect`
 {"metadata":{"emulator":{"name":"dataconnect"},"message":"E0203 09:40:47.353795   37748 watch.go:116] watchAllDir unable to walk dir `/home/sookshum/Jasminder-Projects/Training Projects/astro-app/dataconnect`: lstat /home/sookshum/Jasminder-Projects/Training Projects/astro-app/dataconnect: no such file or directory\nE0203 09:40:47.353863   37748 watch.go:40] Failed to load config from \"/home/sookshum/Jasminder-Projects/Training Projects/astro-app/dataconnect\": could not find dataconnect.yaml in `/home/sookshum/Jasminder-Projects/Training Projects/astro-app/dataconnect`\n"}}
